<?xml version="1.0" encoding="UTF-8"?>
<testsuite xmlns:xsi="http://www.w3.org/2001/XMLSchema-instance" xsi:noNamespaceSchemaLocation="https://maven.apache.org/surefire/maven-surefire-plugin/xsd/surefire-test-report-3.0.xsd" version="3.0" name="br.com.exercise.apam.model.TransactionSubjectTest" time="0.014" tests="8" errors="0" skipped="0" failures="0">
  <properties>
[...]
</properties>
  <testcase name="shouldHaveOutType(TransactionSubject)[1]" classname="br.com.exercise.apam.model.TransactionSubjectTest" time="0.001"/>
  <testcase name="shouldNotAllowAnonymousPayments(TransactionSubject)[1]" classname="br.com.exercise.apam.model.TransactionSubjectTest" time="0.001"/>
  <testcase name="shouldNotAllowAnonymousPayments(TransactionSubject)[2]" classname="br.com.exercise.apam.model.TransactionSubjectTest" time="0"/>
  <testcase name="shouldNotAllowAnonymousPayments(TransactionSubject)[3]" classname="br.com.exercise.apam.model.TransactionSubjectTest" time="0.001"/>
  <testcase name="shouldAllowAnonymousPayments(TransactionSubject)[1]" classname="br.com.exercise.apam.model.TransactionSubjectTest" time="0"/>
  <testcase name="shouldHaveInType(TransactionSubject)[1]" classname="br.com.exercise.apam.model.TransactionSubjectTest" time="0.001"/>
  <testcase name="shouldHaveInType(TransactionSubject)[2]" classname="br.com.exercise.apam.model.TransactionSubjectTest" time="0.001"/>
  <testcase name="shouldHaveInType(TransactionSubject)[3]" classname="br.com.exercise.apam.model.TransactionSubjectTest" time="0"/>
</testsuite>